|SourceProjectName:info.hpr
|DestinationProjectName:info.htm
whhost.js
whmsg.js
whmozemu.js
whproxy.js
whstub.js
whutils.js
whver.js
whform.js
whphost.js
whstart.js
whtopic.js
whframes.js
whlang.js
whskin_info.htm
whskin_blank.htm
whnjs.htm
whthost.js
whtdhtml.htm
whihost.js
whibody.htm
whiform.htm
whfhost.js
whfbody.htm
whfform.htm
whghost.js
whgbody.htm
whgdhtml.htm
whgdef.htm
whproj.js
whproj.xml
whproj.htm
whdata\whtoc.js
whdata\whtoc.xml
whdata\whtoc.htm
whdata\whtdata.js
whdata\whidx.js
whdata\whidx.xml
whdata\whidx.htm
whdata\whidata.js
whdata\whfts.js
whdata\whfts.xml
whdata\whfts.htm
whdata\whglo.js
whdata\whglo.xml
whdata\whglo.htm
whdata\whgdata.js
whdata\whftdata.js
whdata\whfwdata.js
whres.xml
WebHelp.jar
WebHelp.cab
whgdata\whnvp30.htm
whgdata\whnvp31.htm
whgdata\whnvp32.htm
whgdata\whnvp33.htm
whgdata\whnvt30.htm
whgdata\whnvt31.htm
whgdata\whnvt32.htm
whgdata\whnvt33.htm
whgdata\whnvf30.htm
whgdata\whnvf31.htm
whgdata\whnvf32.htm
whgdata\whnvf33.htm
whgdata\whnvl31.htm
whgdata\whnvl32.htm
whgdata\whnvl33.htm
whgdata\whexpbar.gif
cshdat_webhelp.htm
cshdat_robohelp.htm
whd_topic.xml
whd_nvp10.htm
whd_nvp20.htm
whd_tabs.htm
whd_dpns.htm
whd_tab0.gif
whd_tab1.gif
whd_tab2.gif
whd_tab3.gif
whd_tab4.gif
whd_tab5.gif
whd_tab6.gif
whd_tab7.gif
whd_tab8.gif
whd_toc1.gif
whd_toc2.gif
whd_toc3.gif
whd_toc4.gif
whd_show0.gif
whd_show1.gif
whd_show2.gif
whd_hide0.gif
whd_hide1.gif
whd_hide2.gif
whd_sync0.gif
whd_sync1.gif
whd_sync2.gif
whd_prev0.gif
whd_prev1.gif
whd_prev2.gif
whd_next0.gif
whd_next1.gif
whd_next2.gif
whd_wbsh0.gif
whd_wbsh1.gif
whd_wbsh2.gif
whidhtml.htm
whfdhtml.htm
info_hha.hhk
info.hhc
info.hhk
a_1000.htm
a_1001.htm
a_1002.htm
a_1003.htm
a_1004.htm
a_1005.htm
a_1006.htm
a_1007.htm
a_1008.htm
a_1009.htm
a_1010.htm
a_1011.htm
p_1000.htm
p_1001.htm
p_1002.htm
p_1003.htm
p_1004.htm
p_1005.htm
p_1006.htm
p_1007.htm
p_1008.htm
p_1009.htm
p_1010.htm
p_1011.htm
p_1012.htm
r_1000.htm
r_1001.htm
r_1002.htm
r_1003.htm
r_1004.htm
r_1005.htm
r_1006.htm
r_1007.htm
r_1008.htm
r_1009.htm
r_1010.htm
r_1011.htm
r_1012.htm
r_1013.htm
r_1014.htm
s_1000.htm
s_1001.htm
s_1002.htm
s_1003.htm
s_1004.htm
s_1005.htm
s_1006.htm
s_1007.htm
s_1008.htm
s_1009.htm
s_1010.htm
s_1011.htm
s_1012.htm
s_1013.htm
s_1014.htm
pingtel1.css
info.ppf
ehlpdhtm.js
pingtel1_ns.css
whdata\whftdata0.xml
whdata\whftdata0.htm
whgdata\whlstt0.htm
whgdata\whlsti0.htm
whgdata\whlstg0.htm
info.htm
info_csh.htm
info_rhc.htm
