|SourceProjectName:info.hpr
|DestinationProjectName:info.htm
whhost.js
whmsg.js
whmozemu.js
whproxy.js
whstub.js
whutils.js
whver.js
whform.js
whphost.js
whstart.js
whtopic.js
whframes.js
whlang.js
whskin_info.htm
whskin_blank.htm
whnjs.htm
whthost.js
whtdhtml.htm
whihost.js
whibody.htm
whiform.htm
whfhost.js
whfbody.htm
whfform.htm
whghost.js
whgbody.htm
whgdhtml.htm
whgdef.htm
whproj.js
whproj.xml
whproj.htm
whdata\whtoc.js
whdata\whtoc.xml
whdata\whtoc.htm
whdata\whtdata.js
whdata\whidx.js
whdata\whidx.xml
whdata\whidx.htm
whdata\whidata.js
whdata\whfts.js
whdata\whfts.xml
whdata\whfts.htm
whdata\whglo.js
whdata\whglo.xml
whdata\whglo.htm
whdata\whgdata.js
whdata\whftdata.js
whdata\whfwdata.js
whres.xml
WebHelp.jar
WebHelp.cab
whgdata\whnvp30.htm
whgdata\whnvp31.htm
whgdata\whnvp32.htm
whgdata\whnvp33.htm
whgdata\whnvt30.htm
whgdata\whnvt31.htm
whgdata\whnvt32.htm
whgdata\whnvt33.htm
whgdata\whnvf30.htm
whgdata\whnvf31.htm
whgdata\whnvf32.htm
whgdata\whnvf33.htm
whgdata\whnvl31.htm
whgdata\whnvl32.htm
whgdata\whnvl33.htm
whgdata\whexpbar.gif
cshdat_webhelp.htm
cshdat_robohelp.htm
whd_topic.xml
whd_nvp10.htm
whd_nvp20.htm
whd_tabs.htm
whd_dpns.htm
whd_tab0.gif
whd_tab1.gif
whd_tab2.gif
whd_tab3.gif
whd_tab4.gif
whd_tab5.gif
whd_tab6.gif
whd_tab7.gif
whd_tab8.gif
whd_toc1.gif
whd_toc2.gif
whd_toc3.gif
whd_toc4.gif
whd_show0.gif
whd_show1.gif
whd_show2.gif
whd_hide0.gif
whd_hide1.gif
whd_hide2.gif
whd_sync0.gif
whd_sync1.gif
whd_sync2.gif
whd_prev0.gif
whd_prev1.gif
whd_prev2.gif
whd_next0.gif
whd_next1.gif
whd_next2.gif
whd_wbsh0.gif
whd_wbsh1.gif
whd_wbsh2.gif
whidhtml.htm
whfdhtml.htm
info_hha.hhk
info.hhk
cisco_79xx.htm
general_device.htm
general_devicegroup.htm
general_user.htm
general_usergroup.htm
xp_10000.htm
xp_10001.htm
xp_10002.htm
xp_1002.htm
xp_1003.htm
xp_1004.htm
xp_1005.htm
xp_1006.htm
xp_1007.htm
xp_1008.htm
xp_1009.htm
xp_1011.htm
xp_1012.htm
xp_1013.htm
xp_1014.htm
xp_1015.htm
xp_1016.htm
xp_1018.htm
xp_1019.htm
xp_1020.htm
xp_1021.htm
xp_1022.htm
xp_1023.htm
xp_1025.htm
xp_1026.htm
xp_1027.htm
xp_1028.htm
xp_1029.htm
xp_1031.htm
xp_1032.htm
xp_1033.htm
xp_1039.htm
xp_1040.htm
xp_1041.htm
xp_1042.htm
xp_1043.htm
xp_1044.htm
xp_1045.htm
xp_1046.htm
xp_1047.htm
xp_1048.htm
xp_1049.htm
xp_2000.htm
xp_2001.htm
xp_2002.htm
xp_2003.htm
xp_2004.htm
xp_2006.htm
xp_2007.htm
xp_2008.htm
xp_2009.htm
xp_2020.htm
xp_2021.htm
xp_2022.htm
xp_2028.htm
xp_2029.htm
xp_2030.htm
xp_2031.htm
xp_2032.htm
xp_2033.htm
xp_2034.htm
xp_2035.htm
xp_2036.htm
eHelp.xml
pingtel1.css
edit.gif
delete.gif
add.gif
info.ppf
ehlpdhtm.js
pingtel1_ns.css
whdata\whftdata0.xml
whdata\whftdata0.htm
whgdata\whlstt0.htm
whgdata\whlsti0.htm
whgdata\whlstg0.htm
info.htm
info_csh.htm
info_rhc.htm
